<?xml version="1.0" encoding="UTF-8"?>
<!-- Generated by org.testng.reporters.JUnitReportReporter -->
<testsuite hostname="sourceandroid" name="testng.AllTestNgclass" tests="2" failures="0" timestamp="26 Dec 2018 14:28:45 GMT" time="0.016" errors="0">
  <testcase name="testCase2" time="0.016" classname="testng.AllTestNgclass"/>
  <testcase name="testCase1" time="0.000" classname="testng.AllTestNgclass"/>
</testsuite> <!-- testng.AllTestNgclass -->
