<?xml version="1.0" encoding="UTF-8"?>
<!-- Generated by org.testng.reporters.JUnitReportReporter -->
<testsuite hostname="sourceandroid" name="testng.AllTestNgclass" tests="2" failures="0" timestamp="14 Mar 2019 15:01:02 GMT" time="0.000" errors="0">
  <testcase name="testCase2" time="0.000" classname="testng.AllTestNgclass"/>
  <testcase name="testCase1" time="0.000" classname="testng.AllTestNgclass"/>
</testsuite> <!-- testng.AllTestNgclass -->
