<?xml version="1.0" encoding="UTF-8"?>
<!-- Generated by org.testng.reporters.JUnitReportReporter -->
<testsuite hostname="sourceandroid" name="listener.TestListener" tests="1" failures="0" timestamp="3 May 2019 13:30:28 GMT" time="0.014" errors="0">
  <testcase name="main" time="0.014" classname="listener.TestListener"/>
</testsuite> <!-- listener.TestListener -->
