<?xml version="1.0" encoding="UTF-8"?>
<!-- Generated by org.testng.reporters.JUnitReportReporter -->
<testsuite hostname="sourceandroid" name="testng.Groupsdemo" tests="5" failures="0" timestamp="3 Dec 2018 08:22:34 GMT" time="0.000" errors="0">
  <testcase name="Scooter2" time="0.000" classname="testng.Groupsdemo"/>
  <testcase name="Car2" time="0.000" classname="testng.Groupsdemo"/>
  <testcase name="Sedan1" time="0.000" classname="testng.Groupsdemo"/>
  <testcase name="Car1" time="0.000" classname="testng.Groupsdemo"/>
  <testcase name="Scooter1" time="0.000" classname="testng.Groupsdemo"/>
</testsuite> <!-- testng.Groupsdemo -->
