<?xml version="1.0" encoding="UTF-8"?>
<!-- Generated by org.testng.reporters.JUnitReportReporter -->
<testsuite hostname="sourceandroid" name="testng.AllTestNgclass" tests="2" failures="0" timestamp="18 Oct 2019 13:13:34 GMT" time="0.015" errors="0">
  <testcase name="testcase1" time="0.015" classname="testng.AllTestNgclass"/>
  <testcase name="testcase2" time="0.000" classname="testng.AllTestNgclass"/>
</testsuite> <!-- testng.AllTestNgclass -->
