<?xml version="1.0" encoding="UTF-8"?>
<!-- Generated by org.testng.reporters.JUnitReportReporter -->
<testsuite hostname="sourceandroid" name="testng.AllTestNgclass" tests="2" failures="0" timestamp="3 Dec 2018 07:22:02 GMT" time="0.009" errors="0">
  <testcase name="testCase2" time="0.002" classname="testng.AllTestNgclass"/>
  <testcase name="testCase1" time="0.007" classname="testng.AllTestNgclass"/>
</testsuite> <!-- testng.AllTestNgclass -->
