<?xml version="1.0" encoding="UTF-8"?>
<!-- Generated by org.testng.reporters.JUnitReportReporter -->
<testsuite hostname="sourceandroid" name="demo.AllTestNg" tests="2" failures="0" timestamp="23 Aug 2019 12:19:54 GMT" time="0.031" errors="0">
  <testcase name="m3" time="0.000" classname="demo.AllTestNg"/>
  <testcase name="m2" time="0.031" classname="demo.AllTestNg"/>
</testsuite> <!-- demo.AllTestNg -->
