<?xml version="1.0" encoding="UTF-8"?>
<!-- Generated by org.testng.reporters.JUnitReportReporter -->
<testsuite hostname="sourceandroid" name="grouptest.TestCase1" tests="1" failures="0" timestamp="4 Nov 2019 14:40:01 GMT" time="0.009" errors="0">
  <testcase name="loginTest" time="0.009" classname="grouptest.TestCase1"/>
</testsuite> <!-- grouptest.TestCase1 -->
