<?xml version="1.0" encoding="UTF-8"?>
<!-- Generated by org.testng.reporters.JUnitReportReporter -->
<testsuite hostname="sourceandroid" name="grouptest.TestCase2" tests="1" failures="0" timestamp="4 Nov 2019 14:40:01 GMT" time="0.002" errors="0">
  <testcase name="composeMail" time="0.002" classname="grouptest.TestCase2"/>
</testsuite> <!-- grouptest.TestCase2 -->
