<?xml version="1.0" encoding="UTF-8"?>
<!-- Generated by org.testng.reporters.JUnitReportReporter -->
<testsuite hostname="sourceandroid" name="testng.AllTestNgclass" tests="2" failures="0" timestamp="30 Nov 2018 15:36:30 GMT" time="0.011" errors="0">
  <testcase name="testCase2" time="0.004" classname="testng.AllTestNgclass"/>
  <testcase name="testCase1" time="0.007" classname="testng.AllTestNgclass"/>
</testsuite> <!-- testng.AllTestNgclass -->
