<?xml version="1.0" encoding="UTF-8"?>
<!-- Generated by org.testng.reporters.JUnitReportReporter -->
<testsuite hostname="sourceandroid" name="listener.InvokedMethodListenersTest" tests="2" failures="0" timestamp="16 Oct 2019 14:00:51 GMT" time="0.007" errors="0">
  <testcase name="test2" time="0.001" classname="listener.InvokedMethodListenersTest"/>
  <testcase name="test1" time="0.006" classname="listener.InvokedMethodListenersTest"/>
</testsuite> <!-- listener.InvokedMethodListenersTest -->
