<?xml version="1.0" encoding="UTF-8"?>
<!-- Generated by org.testng.reporters.JUnitReportReporter -->
<testsuite hostname="sourceandroid" name="screenshortdemo.FailedScreenshot" tests="1" failures="0" timestamp="29 Nov 2018 13:04:48 GMT" time="8.693" errors="0">
  <testcase name="setUp" time="8.693" classname="screenshortdemo.FailedScreenshot"/>
</testsuite> <!-- screenshortdemo.FailedScreenshot -->
